<?xml version="1.0" encoding="UTF-8"?>
<!-- Generated by org.testng.reporters.JUnitReportReporter -->
<testsuite hostname="EG-PF3ZV919" failures="0" tests="1" name="testcases.EbaySearchTest" time="9.339" errors="0" timestamp="2025-09-03T13:54:45 EEST" skipped="0">
  <testcase classname="testcases.EbaySearchTest" name="search_filter_count" time="9.339"/>
</testsuite> <!-- testcases.EbaySearchTest -->
